# JRE version: OpenJDK Runtime Environment Corretto-17.0.18.9.1 (17.0.18+9) (build 17.0.18+9-LTS)
# Java VM: OpenJDK 64-Bit Server VM Corretto-17.0.18.9.1 (17.0.18+9-LTS, mixed mode, sharing, tiered, compressed oops, compressed class ptrs, g1 gc, windows-amd64)
GC Precious Log:
 CPUs: 8 total, 8 available
 Memory: 6005M
 Large Page Support: Disabled
 NUMA Support: Disabled
 Compressed Oops: Enabled (32-bit)
 Heap Region Size: 1M
 Heap Min Capacity: 8M
 Heap Initial Capacity: 94M
 Heap Max Capacity: 2G
 Pre-touch: Disabled
 Parallel Workers: 8
 Concurrent Workers: 2
 Concurrent Refinement Workers: 8
 Periodic GC: Disabled
Heap:
 garbage-first heap   total 352256K, used 169851K [0x0000000080000000, 0x0000000100000000)
  region size 1024K, 4 young (4096K), 4 survivors (4096K)
 Metaspace       used 99377K, committed 100224K, reserved 1179648K
  class space    used 13650K, committed 14080K, reserved 1048576K
GC Heap History (20 events):
Event: 26.795 GC heap after
{Heap after GC invocations=52 (full 0):
 garbage-first heap   total 152576K, used 87141K [0x0000000080000000, 0x0000000100000000)
  region size 1024K, 1 young (1024K), 1 survivors (1024K)
 Metaspace       used 74969K, committed 75648K, reserved 1114112K
  class space    used 10295K, committed 10624K, reserved 1048576K
}
Event: 27.415 GC heap before
{Heap before GC invocations=52 (full 0):
 garbage-first heap   total 152576K, used 125029K [0x0000000080000000, 0x0000000100000000)
  region size 1024K, 38 young (38912K), 1 survivors (1024K)
 Metaspace       used 77436K, committed 78080K, reserved 1179648K
  class space    used 10624K, committed 10944K, reserved 1048576K
}
Event: 27.418 GC heap after
{Heap after GC invocations=53 (full 0):
 garbage-first heap   total 352256K, used 89164K [0x0000000080000000, 0x0000000100000000)
  region size 1024K, 3 young (3072K), 3 survivors (3072K)
 Metaspace       used 77436K, committed 78080K, reserved 1179648K
  class space    used 10624K, committed 10944K, reserved 1048576K
}
Event: 30.620 GC heap before
{Heap before GC invocations=53 (full 0):
 garbage-first heap   total 352256K, used 250956K [0x0000000080000000, 0x0000000100000000)
  region size 1024K, 161 young (164864K), 3 survivors (3072K)
 Metaspace       used 90076K, committed 90752K, reserved 1179648K
  class space    used 12540K, committed 12864K, reserved 1048576K
}
Event: 30.637 GC heap after
{Heap after GC invocations=54 (full 0):
 garbage-first heap   total 352256K, used 96903K [0x0000000080000000, 0x0000000100000000)
  region size 1024K, 10 young (10240K), 10 survivors (10240K)
 Metaspace       used 90076K, committed 90752K, reserved 1179648K
  class space    used 12540K, committed 12864K, reserved 1048576K
}
Event: 33.187 GC heap before
{Heap before GC invocations=54 (full 0):
 garbage-first heap   total 352256K, used 282247K [0x0000000080000000, 0x0000000100000000)
  region size 1024K, 187 young (191488K), 10 survivors (10240K)
 Metaspace       used 95849K, committed 96640K, reserved 1179648K
  class space    used 13212K, committed 13568K, reserved 1048576K
}
Event: 33.349 GC heap after
{Heap after GC invocations=55 (full 0):
 garbage-first heap   total 352256K, used 118584K [0x0000000080000000, 0x0000000100000000)
  region size 1024K, 24 young (24576K), 24 survivors (24576K)
 Metaspace       used 95849K, committed 96640K, reserved 1179648K
  class space    used 13212K, committed 13568K, reserved 1048576K
}
Event: 37.169 GC heap before
{Heap before GC invocations=55 (full 0):
 garbage-first heap   total 352256K, used 272184K [0x0000000080000000, 0x0000000100000000)
  region size 1024K, 174 young (178176K), 24 survivors (24576K)
 Metaspace       used 96182K, committed 97024K, reserved 1179648K
  class space    used 13249K, committed 13632K, reserved 1048576K
}
Event: 37.346 GC heap after
{Heap after GC invocations=56 (full 0):
 garbage-first heap   total 352256K, used 128902K [0x0000000080000000, 0x0000000100000000)
  region size 1024K, 10 young (10240K), 10 survivors (10240K)
 Metaspace       used 96182K, committed 97024K, reserved 1179648K
  class space    used 13249K, committed 13632K, reserved 1048576K
}
Event: 39.399 GC heap before
{Heap before GC invocations=56 (full 0):
 garbage-first heap   total 352256K, used 280454K [0x0000000080000000, 0x0000000100000000)
  region size 1024K, 158 young (161792K), 10 survivors (10240K)
 Metaspace       used 96570K, committed 97344K, reserved 1179648K
  class space    used 13290K, committed 13632K, reserved 1048576K
}
Event: 39.421 GC heap after
{Heap after GC invocations=57 (full 0):
 garbage-first heap   total 352256K, used 133560K [0x0000000080000000, 0x0000000100000000)
  region size 1024K, 15 young (15360K), 15 survivors (15360K)
 Metaspace       used 96570K, committed 97344K, reserved 1179648K
  class space    used 13290K, committed 13632K, reserved 1048576K
}
Event: 40.702 GC heap before
{Heap before GC invocations=57 (full 0):
 garbage-first heap   total 352256K, used 284088K [0x0000000080000000, 0x0000000100000000)
  region size 1024K, 163 young (166912K), 15 survivors (15360K)
 Metaspace       used 96672K, committed 97472K, reserved 1179648K
  class space    used 13296K, committed 13632K, reserved 1048576K
}
Event: 40.721 GC heap after
{Heap after GC invocations=58 (full 0):
 garbage-first heap   total 352256K, used 139206K [0x0000000080000000, 0x0000000100000000)
  region size 1024K, 13 young (13312K), 13 survivors (13312K)
 Metaspace       used 96672K, committed 97472K, reserved 1179648K
  class space    used 13296K, committed 13632K, reserved 1048576K
}
Event: 41.999 GC heap before
{Heap before GC invocations=58 (full 0):
 garbage-first heap   total 352256K, used 226246K [0x0000000080000000, 0x0000000100000000)
  region size 1024K, 60 young (61440K), 13 survivors (13312K)
 Metaspace       used 99377K, committed 100224K, reserved 1179648K
  class space    used 13650K, committed 14080K, reserved 1048576K
}
Event: 42.037 GC heap after
{Heap after GC invocations=59 (full 0):
 garbage-first heap   total 352256K, used 169673K [0x0000000080000000, 0x0000000100000000)
  region size 1024K, 10 young (10240K), 10 survivors (10240K)
 Metaspace       used 99377K, committed 100224K, reserved 1179648K
  class space    used 13650K, committed 14080K, reserved 1048576K
}
Event: 42.083 GC heap before
{Heap before GC invocations=59 (full 0):
 garbage-first heap   total 352256K, used 204489K [0x0000000080000000, 0x0000000100000000)
  region size 1024K, 11 young (11264K), 10 survivors (10240K)
 Metaspace       used 99377K, committed 100224K, reserved 1179648K
  class space    used 13650K, committed 14080K, reserved 1048576K
}
Event: 42.158 GC heap after
{Heap after GC invocations=60 (full 0):
 garbage-first heap   total 352256K, used 166673K [0x0000000080000000, 0x0000000100000000)
  region size 1024K, 5 young (5120K), 5 survivors (5120K)
 Metaspace       used 99377K, committed 100224K, reserved 1179648K
  class space    used 13650K, committed 14080K, reserved 1048576K
}
Event: 42.173 GC heap before
{Heap before GC invocations=60 (full 0):
 garbage-first heap   total 352256K, used 168721K [0x0000000080000000, 0x0000000100000000)
  region size 1024K, 6 young (6144K), 5 survivors (5120K)
 Metaspace       used 99377K, committed 100224K, reserved 1179648K
  class space    used 13650K, committed 14080K, reserved 1048576K
}
Event: 42.210 GC heap after
{Heap after GC invocations=61 (full 0):
 garbage-first heap   total 352256K, used 168003K [0x0000000080000000, 0x0000000100000000)
  region size 1024K, 4 young (4096K), 4 survivors (4096K)
 Metaspace       used 99377K, committed 100224K, reserved 1179648K
  class space    used 13650K, committed 14080K, reserved 1048576K
}
Event: 42.238 GC heap before
{Heap before GC invocations=61 (full 0):
 garbage-first heap   total 352256K, used 180291K [0x0000000080000000, 0x0000000100000000)
  region size 1024K, 5 young (5120K), 4 survivors (4096K)
 Metaspace       used 99377K, committed 100224K, reserved 1179648K
  class space    used 13650K, committed 14080K, reserved 1048576K
}

