# JRE version: OpenJDK Runtime Environment Corretto-17.0.18.9.1 (17.0.18+9) (build 17.0.18+9-LTS)
# Java VM: OpenJDK 64-Bit Server VM Corretto-17.0.18.9.1 (17.0.18+9-LTS, mixed mode, sharing, tiered, compressed oops, compressed class ptrs, g1 gc, windows-amd64)
GC Precious Log:
 CPUs: 8 total, 8 available
 Memory: 6005M
 Large Page Support: Disabled
 NUMA Support: Disabled
 Compressed Oops: Enabled (32-bit)
 Heap Region Size: 1M
 Heap Min Capacity: 8M
 Heap Initial Capacity: 94M
 Heap Max Capacity: 2G
 Pre-touch: Disabled
 Parallel Workers: 8
 Concurrent Workers: 2
 Concurrent Refinement Workers: 8
 Periodic GC: Disabled
Heap:
 garbage-first heap   total 417792K, used 303688K [0x0000000080000000, 0x0000000100000000)
  region size 1024K, 127 young (130048K), 14 survivors (14336K)
 Metaspace       used 119727K, committed 120832K, reserved 1179648K
  class space    used 15659K, committed 16192K, reserved 1048576K
GC Heap History (20 events):
Event: 5594.097 GC heap before
{Heap before GC invocations=75 (full 0):
 garbage-first heap   total 208896K, used 181379K [0x0000000080000000, 0x0000000100000000)
  region size 1024K, 16 young (16384K), 2 survivors (2048K)
 Metaspace       used 102812K, committed 103680K, reserved 1179648K
  class space    used 13838K, committed 14272K, reserved 1048576K
}
Event: 5594.102 GC heap after
{Heap after GC invocations=76 (full 0):
 garbage-first heap   total 208896K, used 169323K [0x0000000080000000, 0x0000000100000000)
  region size 1024K, 2 young (2048K), 2 survivors (2048K)
 Metaspace       used 102812K, committed 103680K, reserved 1179648K
  class space    used 13838K, committed 14272K, reserved 1048576K
}
Event: 5594.446 GC heap before
{Heap before GC invocations=76 (full 0):
 garbage-first heap   total 208896K, used 179563K [0x0000000080000000, 0x0000000100000000)
  region size 1024K, 13 young (13312K), 2 survivors (2048K)
 Metaspace       used 104021K, committed 104960K, reserved 1179648K
  class space    used 14003K, committed 14464K, reserved 1048576K
}
Event: 5594.451 GC heap after
{Heap after GC invocations=77 (full 0):
 garbage-first heap   total 208896K, used 172000K [0x0000000080000000, 0x0000000100000000)
  region size 1024K, 2 young (2048K), 2 survivors (2048K)
 Metaspace       used 104021K, committed 104960K, reserved 1179648K
  class space    used 14003K, committed 14464K, reserved 1048576K
}
Event: 5594.558 GC heap before
{Heap before GC invocations=77 (full 0):
 garbage-first heap   total 208896K, used 180192K [0x0000000080000000, 0x0000000100000000)
  region size 1024K, 11 young (11264K), 2 survivors (2048K)
 Metaspace       used 104305K, committed 105216K, reserved 1179648K
  class space    used 14029K, committed 14464K, reserved 1048576K
}
Event: 5594.562 GC heap after
{Heap after GC invocations=78 (full 0):
 garbage-first heap   total 208896K, used 179097K [0x0000000080000000, 0x0000000100000000)
  region size 1024K, 2 young (2048K), 2 survivors (2048K)
 Metaspace       used 104305K, committed 105216K, reserved 1179648K
  class space    used 14029K, committed 14464K, reserved 1048576K
}
Event: 5594.681 GC heap before
{Heap before GC invocations=78 (full 0):
 garbage-first heap   total 208896K, used 187289K [0x0000000080000000, 0x0000000100000000)
  region size 1024K, 10 young (10240K), 2 survivors (2048K)
 Metaspace       used 104669K, committed 105600K, reserved 1179648K
  class space    used 14069K, committed 14528K, reserved 1048576K
}
Event: 5594.684 GC heap after
{Heap after GC invocations=79 (full 0):
 garbage-first heap   total 208896K, used 184894K [0x0000000080000000, 0x0000000100000000)
  region size 1024K, 2 young (2048K), 2 survivors (2048K)
 Metaspace       used 104669K, committed 105600K, reserved 1179648K
  class space    used 14069K, committed 14528K, reserved 1048576K
}
Event: 5594.722 GC heap before
{Heap before GC invocations=79 (full 0):
 garbage-first heap   total 208896K, used 193086K [0x0000000080000000, 0x0000000100000000)
  region size 1024K, 10 young (10240K), 2 survivors (2048K)
 Metaspace       used 104685K, committed 105600K, reserved 1179648K
  class space    used 14069K, committed 14528K, reserved 1048576K
}
Event: 5594.741 GC heap after
{Heap after GC invocations=80 (full 0):
 garbage-first heap   total 208896K, used 192769K [0x0000000080000000, 0x0000000100000000)
  region size 1024K, 2 young (2048K), 2 survivors (2048K)
 Metaspace       used 104685K, committed 105600K, reserved 1179648K
  class space    used 14069K, committed 14528K, reserved 1048576K
}
Event: 5594.808 GC heap before
{Heap before GC invocations=80 (full 0):
 garbage-first heap   total 208896K, used 196865K [0x0000000080000000, 0x0000000100000000)
  region size 1024K, 8 young (8192K), 2 survivors (2048K)
 Metaspace       used 104828K, committed 105728K, reserved 1179648K
  class space    used 14086K, committed 14528K, reserved 1048576K
}
Event: 5594.814 GC heap after
{Heap after GC invocations=81 (full 0):
 garbage-first heap   total 417792K, used 195919K [0x0000000080000000, 0x0000000100000000)
  region size 1024K, 2 young (2048K), 2 survivors (2048K)
 Metaspace       used 104828K, committed 105728K, reserved 1179648K
  class space    used 14086K, committed 14528K, reserved 1048576K
}
Event: 5597.094 GC heap before
{Heap before GC invocations=82 (full 0):
 garbage-first heap   total 417792K, used 295247K [0x0000000080000000, 0x0000000100000000)
  region size 1024K, 73 young (74752K), 2 survivors (2048K)
 Metaspace       used 108756K, committed 109696K, reserved 1179648K
  class space    used 14531K, committed 14976K, reserved 1048576K
}
Event: 5597.104 GC heap after
{Heap after GC invocations=83 (full 0):
 garbage-first heap   total 417792K, used 196832K [0x0000000080000000, 0x0000000100000000)
  region size 1024K, 7 young (7168K), 7 survivors (7168K)
 Metaspace       used 108756K, committed 109696K, reserved 1179648K
  class space    used 14531K, committed 14976K, reserved 1048576K
}
Event: 5597.463 GC heap before
{Heap before GC invocations=83 (full 0):
 garbage-first heap   total 417792K, used 209120K [0x0000000080000000, 0x0000000100000000)
  region size 1024K, 20 young (20480K), 7 survivors (7168K)
 Metaspace       used 109306K, committed 110208K, reserved 1179648K
  class space    used 14601K, committed 15040K, reserved 1048576K
}
Event: 5597.498 GC heap after
{Heap after GC invocations=84 (full 0):
 garbage-first heap   total 417792K, used 173409K [0x0000000080000000, 0x0000000100000000)
  region size 1024K, 2 young (2048K), 2 survivors (2048K)
 Metaspace       used 109306K, committed 110208K, reserved 1179648K
  class space    used 14601K, committed 15040K, reserved 1048576K
}
Event: 5603.857 GC heap before
{Heap before GC invocations=84 (full 0):
 garbage-first heap   total 417792K, used 314721K [0x0000000080000000, 0x0000000100000000)
  region size 1024K, 135 young (138240K), 2 survivors (2048K)
 Metaspace       used 111432K, committed 112384K, reserved 1179648K
  class space    used 14809K, committed 15296K, reserved 1048576K
}
Event: 5603.872 GC heap after
{Heap after GC invocations=85 (full 0):
 garbage-first heap   total 417792K, used 179495K [0x0000000080000000, 0x0000000100000000)
  region size 1024K, 8 young (8192K), 8 survivors (8192K)
 Metaspace       used 111432K, committed 112384K, reserved 1179648K
  class space    used 14809K, committed 15296K, reserved 1048576K
}
Event: 5609.973 GC heap before
{Heap before GC invocations=85 (full 0):
 garbage-first heap   total 417792K, used 321831K [0x0000000080000000, 0x0000000100000000)
  region size 1024K, 142 young (145408K), 8 survivors (8192K)
 Metaspace       used 115510K, committed 116480K, reserved 1179648K
  class space    used 15118K, committed 15552K, reserved 1048576K
}
Event: 5609.986 GC heap after
{Heap after GC invocations=86 (full 0):
 garbage-first heap   total 417792K, used 190024K [0x0000000080000000, 0x0000000100000000)
  region size 1024K, 14 young (14336K), 14 survivors (14336K)
 Metaspace       used 115510K, committed 116480K, reserved 1179648K
  class space    used 15118K, committed 15552K, reserved 1048576K
}

