# JRE version: OpenJDK Runtime Environment Corretto-17.0.18.9.1 (17.0.18+9) (build 17.0.18+9-LTS)
# Java VM: OpenJDK 64-Bit Server VM Corretto-17.0.18.9.1 (17.0.18+9-LTS, mixed mode, sharing, tiered, compressed oops, compressed class ptrs, g1 gc, windows-amd64)
GC Precious Log:
 CPUs: 8 total, 8 available
 Memory: 6005M
 Large Page Support: Disabled
 NUMA Support: Disabled
 Compressed Oops: Enabled (32-bit)
 Heap Region Size: 1M
 Heap Min Capacity: 8M
 Heap Initial Capacity: 94M
 Heap Max Capacity: 2G
 Pre-touch: Disabled
 Parallel Workers: 8
 Concurrent Workers: 2
 Concurrent Refinement Workers: 8
 Periodic GC: Disabled
Heap:
 garbage-first heap   total 223232K, used 193681K [0x0000000080000000, 0x0000000100000000)
  region size 1024K, 2 young (2048K), 2 survivors (2048K)
 Metaspace       used 110376K, committed 111296K, reserved 1179648K
  class space    used 14988K, committed 15424K, reserved 1048576K
GC Heap History (20 events):
Event: 52.873 GC heap after
{Heap after GC invocations=54 (full 0):
 garbage-first heap   total 223232K, used 143478K [0x0000000080000000, 0x0000000100000000)
  region size 1024K, 5 young (5120K), 5 survivors (5120K)
 Metaspace       used 101767K, committed 102656K, reserved 1179648K
  class space    used 13986K, committed 14400K, reserved 1048576K
}
Event: 53.087 GC heap before
{Heap before GC invocations=54 (full 0):
 garbage-first heap   total 223232K, used 191606K [0x0000000080000000, 0x0000000100000000)
  region size 1024K, 53 young (54272K), 5 survivors (5120K)
 Metaspace       used 102250K, committed 103168K, reserved 1179648K
  class space    used 14041K, committed 14464K, reserved 1048576K
}
Event: 53.118 GC heap after
{Heap after GC invocations=55 (full 0):
 garbage-first heap   total 223232K, used 152394K [0x0000000080000000, 0x0000000100000000)
  region size 1024K, 7 young (7168K), 7 survivors (7168K)
 Metaspace       used 102250K, committed 103168K, reserved 1179648K
  class space    used 14041K, committed 14464K, reserved 1048576K
}
Event: 53.824 GC heap before
{Heap before GC invocations=55 (full 0):
 garbage-first heap   total 223232K, used 188234K [0x0000000080000000, 0x0000000100000000)
  region size 1024K, 42 young (43008K), 7 survivors (7168K)
 Metaspace       used 103055K, committed 103936K, reserved 1179648K
  class space    used 14128K, committed 14528K, reserved 1048576K
}
Event: 53.841 GC heap after
{Heap after GC invocations=56 (full 0):
 garbage-first heap   total 223232K, used 160178K [0x0000000080000000, 0x0000000100000000)
  region size 1024K, 6 young (6144K), 6 survivors (6144K)
 Metaspace       used 103055K, committed 103936K, reserved 1179648K
  class space    used 14128K, committed 14528K, reserved 1048576K
}
Event: 54.848 GC heap before
{Heap before GC invocations=56 (full 0):
 garbage-first heap   total 223232K, used 186802K [0x0000000080000000, 0x0000000100000000)
  region size 1024K, 33 young (33792K), 6 survivors (6144K)
 Metaspace       used 109560K, committed 110528K, reserved 1179648K
  class space    used 14918K, committed 15360K, reserved 1048576K
}
Event: 54.859 GC heap after
{Heap after GC invocations=57 (full 0):
 garbage-first heap   total 223232K, used 167573K [0x0000000080000000, 0x0000000100000000)
  region size 1024K, 5 young (5120K), 5 survivors (5120K)
 Metaspace       used 109560K, committed 110528K, reserved 1179648K
  class space    used 14918K, committed 15360K, reserved 1048576K
}
Event: 55.036 GC heap before
{Heap before GC invocations=57 (full 0):
 garbage-first heap   total 223232K, used 187029K [0x0000000080000000, 0x0000000100000000)
  region size 1024K, 25 young (25600K), 5 survivors (5120K)
 Metaspace       used 109688K, committed 110656K, reserved 1179648K
  class space    used 14921K, committed 15360K, reserved 1048576K
}
Event: 55.042 GC heap after
{Heap after GC invocations=58 (full 0):
 garbage-first heap   total 223232K, used 172749K [0x0000000080000000, 0x0000000100000000)
  region size 1024K, 4 young (4096K), 4 survivors (4096K)
 Metaspace       used 109688K, committed 110656K, reserved 1179648K
  class space    used 14921K, committed 15360K, reserved 1048576K
}
Event: 55.210 GC heap before
{Heap before GC invocations=58 (full 0):
 garbage-first heap   total 223232K, used 191181K [0x0000000080000000, 0x0000000100000000)
  region size 1024K, 20 young (20480K), 4 survivors (4096K)
 Metaspace       used 109791K, committed 110784K, reserved 1179648K
  class space    used 14929K, committed 15424K, reserved 1048576K
}
Event: 55.214 GC heap after
{Heap after GC invocations=59 (full 0):
 garbage-first heap   total 223232K, used 179225K [0x0000000080000000, 0x0000000100000000)
  region size 1024K, 3 young (3072K), 3 survivors (3072K)
 Metaspace       used 109791K, committed 110784K, reserved 1179648K
  class space    used 14929K, committed 15424K, reserved 1048576K
}
Event: 55.367 GC heap before
{Heap before GC invocations=59 (full 0):
 garbage-first heap   total 223232K, used 190489K [0x0000000080000000, 0x0000000100000000)
  region size 1024K, 14 young (14336K), 3 survivors (3072K)
 Metaspace       used 109792K, committed 110784K, reserved 1179648K
  class space    used 14929K, committed 15424K, reserved 1048576K
}
Event: 55.370 GC heap after
{Heap after GC invocations=60 (full 0):
 garbage-first heap   total 223232K, used 183053K [0x0000000080000000, 0x0000000100000000)
  region size 1024K, 2 young (2048K), 2 survivors (2048K)
 Metaspace       used 109792K, committed 110784K, reserved 1179648K
  class space    used 14929K, committed 15424K, reserved 1048576K
}
Event: 55.580 GC heap before
{Heap before GC invocations=60 (full 0):
 garbage-first heap   total 223232K, used 191245K [0x0000000080000000, 0x0000000100000000)
  region size 1024K, 11 young (11264K), 2 survivors (2048K)
 Metaspace       used 109821K, committed 110784K, reserved 1179648K
  class space    used 14930K, committed 15424K, reserved 1048576K
}
Event: 55.583 GC heap after
{Heap after GC invocations=61 (full 0):
 garbage-first heap   total 223232K, used 186134K [0x0000000080000000, 0x0000000100000000)
  region size 1024K, 2 young (2048K), 2 survivors (2048K)
 Metaspace       used 109821K, committed 110784K, reserved 1179648K
  class space    used 14930K, committed 15424K, reserved 1048576K
}
Event: 55.741 GC heap before
{Heap before GC invocations=61 (full 0):
 garbage-first heap   total 223232K, used 193302K [0x0000000080000000, 0x0000000100000000)
  region size 1024K, 10 young (10240K), 2 survivors (2048K)
 Metaspace       used 110090K, committed 111040K, reserved 1179648K
  class space    used 14965K, committed 15424K, reserved 1048576K
}
Event: 55.743 GC heap after
{Heap after GC invocations=62 (full 0):
 garbage-first heap   total 223232K, used 188760K [0x0000000080000000, 0x0000000100000000)
  region size 1024K, 2 young (2048K), 2 survivors (2048K)
 Metaspace       used 110090K, committed 111040K, reserved 1179648K
  class space    used 14965K, committed 15424K, reserved 1048576K
}
Event: 55.801 GC heap before
{Heap before GC invocations=62 (full 0):
 garbage-first heap   total 223232K, used 196952K [0x0000000080000000, 0x0000000100000000)
  region size 1024K, 10 young (10240K), 2 survivors (2048K)
 Metaspace       used 110205K, committed 111168K, reserved 1179648K
  class space    used 14974K, committed 15424K, reserved 1048576K
}
Event: 55.804 GC heap after
{Heap after GC invocations=63 (full 0):
 garbage-first heap   total 223232K, used 191256K [0x0000000080000000, 0x0000000100000000)
  region size 1024K, 2 young (2048K), 2 survivors (2048K)
 Metaspace       used 110205K, committed 111168K, reserved 1179648K
  class space    used 14974K, committed 15424K, reserved 1048576K
}
Event: 55.863 GC heap before
{Heap before GC invocations=63 (full 0):
 garbage-first heap   total 223232K, used 199448K [0x0000000080000000, 0x0000000100000000)
  region size 1024K, 10 young (10240K), 2 survivors (2048K)
 Metaspace       used 110376K, committed 111296K, reserved 1179648K
  class space    used 14988K, committed 15424K, reserved 1048576K
}

