# JRE version: OpenJDK Runtime Environment Corretto-17.0.18.9.1 (17.0.18+9) (build 17.0.18+9-LTS)
# Java VM: OpenJDK 64-Bit Server VM Corretto-17.0.18.9.1 (17.0.18+9-LTS, mixed mode, sharing, tiered, compressed oops, compressed class ptrs, g1 gc, windows-amd64)
GC Precious Log:
 CPUs: 8 total, 8 available
 Memory: 6005M
 Large Page Support: Disabled
 NUMA Support: Disabled
 Compressed Oops: Enabled (32-bit)
 Heap Region Size: 1M
 Heap Min Capacity: 8M
 Heap Initial Capacity: 94M
 Heap Max Capacity: 1502M
 Pre-touch: Disabled
 Parallel Workers: 8
 Concurrent Workers: 2
 Concurrent Refinement Workers: 8
 Periodic GC: Disabled
Heap:
 garbage-first heap   total 160768K, used 93429K [0x00000000a2200000, 0x0000000100000000)
  region size 1024K, 1 young (1024K), 1 survivors (1024K)
 Metaspace       used 65640K, committed 65984K, reserved 1114112K
  class space    used 7322K, committed 7488K, reserved 1048576K
GC Heap History (20 events):
Event: 6.764 GC heap after
{Heap after GC invocations=18 (full 0):
 garbage-first heap   total 107520K, used 63879K [0x00000000a2200000, 0x0000000100000000)
  region size 1024K, 2 young (2048K), 2 survivors (2048K)
 Metaspace       used 46716K, committed 47040K, reserved 1114112K
  class space    used 5521K, committed 5696K, reserved 1048576K
}
Event: 6.890 GC heap before
{Heap before GC invocations=18 (full 0):
 garbage-first heap   total 107520K, used 66951K [0x00000000a2200000, 0x0000000100000000)
  region size 1024K, 5 young (5120K), 2 survivors (2048K)
 Metaspace       used 46806K, committed 47104K, reserved 1114112K
  class space    used 5521K, committed 5696K, reserved 1048576K
}
Event: 6.900 GC heap after
{Heap after GC invocations=19 (full 0):
 garbage-first heap   total 107520K, used 63922K [0x00000000a2200000, 0x0000000100000000)
  region size 1024K, 1 young (1024K), 1 survivors (1024K)
 Metaspace       used 46806K, committed 47104K, reserved 1114112K
  class space    used 5521K, committed 5696K, reserved 1048576K
}
Event: 7.672 GC heap before
{Heap before GC invocations=19 (full 0):
 garbage-first heap   total 107520K, used 81330K [0x00000000a2200000, 0x0000000100000000)
  region size 1024K, 18 young (18432K), 1 survivors (1024K)
 Metaspace       used 48690K, committed 49024K, reserved 1114112K
  class space    used 5691K, committed 5824K, reserved 1048576K
}
Event: 7.679 GC heap after
{Heap after GC invocations=20 (full 0):
 garbage-first heap   total 146432K, used 66046K [0x00000000a2200000, 0x0000000100000000)
  region size 1024K, 3 young (3072K), 3 survivors (3072K)
 Metaspace       used 48690K, committed 49024K, reserved 1114112K
  class space    used 5691K, committed 5824K, reserved 1048576K
}
Event: 9.677 GC heap before
{Heap before GC invocations=21 (full 0):
 garbage-first heap   total 146432K, used 104958K [0x00000000a2200000, 0x0000000100000000)
  region size 1024K, 42 young (43008K), 3 survivors (3072K)
 Metaspace       used 54138K, committed 54528K, reserved 1114112K
  class space    used 6291K, committed 6464K, reserved 1048576K
}
Event: 9.687 GC heap after
{Heap after GC invocations=22 (full 0):
 garbage-first heap   total 146432K, used 71041K [0x00000000a2200000, 0x0000000100000000)
  region size 1024K, 6 young (6144K), 6 survivors (6144K)
 Metaspace       used 54138K, committed 54528K, reserved 1114112K
  class space    used 6291K, committed 6464K, reserved 1048576K
}
Event: 9.695 GC heap before
{Heap before GC invocations=22 (full 0):
 garbage-first heap   total 146432K, used 71041K [0x00000000a2200000, 0x0000000100000000)
  region size 1024K, 7 young (7168K), 6 survivors (6144K)
 Metaspace       used 54150K, committed 54528K, reserved 1114112K
  class space    used 6291K, committed 6464K, reserved 1048576K
}
Event: 9.701 GC heap after
{Heap after GC invocations=23 (full 0):
 garbage-first heap   total 146432K, used 72116K [0x00000000a2200000, 0x0000000100000000)
  region size 1024K, 1 young (1024K), 1 survivors (1024K)
 Metaspace       used 54150K, committed 54528K, reserved 1114112K
  class space    used 6291K, committed 6464K, reserved 1048576K
}
Event: 10.248 GC heap before
{Heap before GC invocations=23 (full 0):
 garbage-first heap   total 146432K, used 110004K [0x00000000a2200000, 0x0000000100000000)
  region size 1024K, 38 young (38912K), 1 survivors (1024K)
 Metaspace       used 55577K, committed 55936K, reserved 1114112K
  class space    used 6418K, committed 6592K, reserved 1048576K
}
Event: 10.259 GC heap after
{Heap after GC invocations=24 (full 0):
 garbage-first heap   total 146432K, used 79188K [0x00000000a2200000, 0x0000000100000000)
  region size 1024K, 5 young (5120K), 5 survivors (5120K)
 Metaspace       used 55577K, committed 55936K, reserved 1114112K
  class space    used 6418K, committed 6592K, reserved 1048576K
}
Event: 11.073 GC heap before
{Heap before GC invocations=25 (full 0):
 garbage-first heap   total 146432K, used 111956K [0x00000000a2200000, 0x0000000100000000)
  region size 1024K, 37 young (37888K), 5 survivors (5120K)
 Metaspace       used 60652K, committed 60992K, reserved 1114112K
  class space    used 6878K, committed 7040K, reserved 1048576K
}
Event: 11.085 GC heap after
{Heap after GC invocations=26 (full 0):
 garbage-first heap   total 146432K, used 84373K [0x00000000a2200000, 0x0000000100000000)
  region size 1024K, 5 young (5120K), 5 survivors (5120K)
 Metaspace       used 60652K, committed 60992K, reserved 1114112K
  class space    used 6878K, committed 7040K, reserved 1048576K
}
Event: 11.129 GC heap before
{Heap before GC invocations=26 (full 0):
 garbage-first heap   total 146432K, used 86421K [0x00000000a2200000, 0x0000000100000000)
  region size 1024K, 7 young (7168K), 5 survivors (5120K)
 Metaspace       used 60687K, committed 60992K, reserved 1114112K
  class space    used 6878K, committed 7040K, reserved 1048576K
}
Event: 11.136 GC heap after
{Heap after GC invocations=27 (full 0):
 garbage-first heap   total 146432K, used 84992K [0x00000000a2200000, 0x0000000100000000)
  region size 1024K, 1 young (1024K), 1 survivors (1024K)
 Metaspace       used 60687K, committed 60992K, reserved 1114112K
  class space    used 6878K, committed 7040K, reserved 1048576K
}
Event: 11.396 GC heap before
{Heap before GC invocations=27 (full 0):
 garbage-first heap   total 146432K, used 114688K [0x00000000a2200000, 0x0000000100000000)
  region size 1024K, 30 young (30720K), 1 survivors (1024K)
 Metaspace       used 61305K, committed 61568K, reserved 1114112K
  class space    used 6910K, committed 7040K, reserved 1048576K
}
Event: 11.406 GC heap after
{Heap after GC invocations=28 (full 0):
 garbage-first heap   total 146432K, used 90462K [0x00000000a2200000, 0x0000000100000000)
  region size 1024K, 4 young (4096K), 4 survivors (4096K)
 Metaspace       used 61305K, committed 61568K, reserved 1114112K
  class space    used 6910K, committed 7040K, reserved 1048576K
}
Event: 11.818 GC heap before
{Heap before GC invocations=29 (full 0):
 garbage-first heap   total 160768K, used 114014K [0x00000000a2200000, 0x0000000100000000)
  region size 1024K, 28 young (28672K), 4 survivors (4096K)
 Metaspace       used 64554K, committed 64896K, reserved 1114112K
  class space    used 7188K, committed 7360K, reserved 1048576K
}
Event: 11.825 GC heap after
{Heap after GC invocations=30 (full 0):
 garbage-first heap   total 160768K, used 93412K [0x00000000a2200000, 0x0000000100000000)
  region size 1024K, 3 young (3072K), 3 survivors (3072K)
 Metaspace       used 64554K, committed 64896K, reserved 1114112K
  class space    used 7188K, committed 7360K, reserved 1048576K
}
Event: 11.897 GC heap before
{Heap before GC invocations=30 (full 0):
 garbage-first heap   total 160768K, used 97508K [0x00000000a2200000, 0x0000000100000000)
  region size 1024K, 7 young (7168K), 3 survivors (3072K)
 Metaspace       used 65640K, committed 65984K, reserved 1114112K
  class space    used 7322K, committed 7488K, reserved 1048576K
}

