# JRE version: OpenJDK Runtime Environment Corretto-17.0.18.9.1 (17.0.18+9) (build 17.0.18+9-LTS)
# Java VM: OpenJDK 64-Bit Server VM Corretto-17.0.18.9.1 (17.0.18+9-LTS, mixed mode, sharing, tiered, compressed oops, compressed class ptrs, g1 gc, windows-amd64)
GC Precious Log:
 CPUs: 8 total, 8 available
 Memory: 6005M
 Large Page Support: Disabled
 NUMA Support: Disabled
 Compressed Oops: Enabled (32-bit)
 Heap Region Size: 1M
 Heap Min Capacity: 8M
 Heap Initial Capacity: 94M
 Heap Max Capacity: 2G
 Pre-touch: Disabled
 Parallel Workers: 8
 Concurrent Workers: 2
 Concurrent Refinement Workers: 8
 Periodic GC: Disabled
Heap:
 garbage-first heap   total 163840K, used 111431K [0x0000000080000000, 0x0000000100000000)
  region size 1024K, 23 young (23552K), 2 survivors (2048K)
 Metaspace       used 79355K, committed 80064K, reserved 1179648K
  class space    used 10952K, committed 11264K, reserved 1048576K
GC Heap History (20 events):
Event: 14.894 GC heap before
{Heap before GC invocations=38 (full 0):
 garbage-first heap   total 125952K, used 97400K [0x0000000080000000, 0x0000000100000000)
  region size 1024K, 29 young (29696K), 2 survivors (2048K)
 Metaspace       used 60820K, committed 61440K, reserved 1114112K
  class space    used 8507K, committed 8768K, reserved 1048576K
}
Event: 14.896 GC heap after
{Heap after GC invocations=39 (full 0):
 garbage-first heap   total 125952K, used 70671K [0x0000000080000000, 0x0000000100000000)
  region size 1024K, 3 young (3072K), 3 survivors (3072K)
 Metaspace       used 60820K, committed 61440K, reserved 1114112K
  class space    used 8507K, committed 8768K, reserved 1048576K
}
Event: 15.220 GC heap before
{Heap before GC invocations=39 (full 0):
 garbage-first heap   total 125952K, used 97295K [0x0000000080000000, 0x0000000100000000)
  region size 1024K, 30 young (30720K), 3 survivors (3072K)
 Metaspace       used 62416K, committed 63040K, reserved 1114112K
  class space    used 8749K, committed 9024K, reserved 1048576K
}
Event: 15.223 GC heap after
{Heap after GC invocations=40 (full 0):
 garbage-first heap   total 125952K, used 72236K [0x0000000080000000, 0x0000000100000000)
  region size 1024K, 4 young (4096K), 4 survivors (4096K)
 Metaspace       used 62416K, committed 63040K, reserved 1114112K
  class space    used 8749K, committed 9024K, reserved 1048576K
}
Event: 15.373 GC heap before
{Heap before GC invocations=41 (full 0):
 garbage-first heap   total 128000K, used 79404K [0x0000000080000000, 0x0000000100000000)
  region size 1024K, 12 young (12288K), 4 survivors (4096K)
 Metaspace       used 62882K, committed 63552K, reserved 1114112K
  class space    used 8822K, committed 9152K, reserved 1048576K
}
Event: 15.376 GC heap after
{Heap after GC invocations=42 (full 0):
 garbage-first heap   total 128000K, used 72847K [0x0000000080000000, 0x0000000100000000)
  region size 1024K, 3 young (3072K), 3 survivors (3072K)
 Metaspace       used 62882K, committed 63552K, reserved 1114112K
  class space    used 8822K, committed 9152K, reserved 1048576K
}
Event: 15.680 GC heap before
{Heap before GC invocations=43 (full 0):
 garbage-first heap   total 130048K, used 104591K [0x0000000080000000, 0x0000000100000000)
  region size 1024K, 33 young (33792K), 3 survivors (3072K)
 Metaspace       used 65338K, committed 65984K, reserved 1114112K
  class space    used 9150K, committed 9472K, reserved 1048576K
}
Event: 15.682 GC heap after
{Heap after GC invocations=44 (full 0):
 garbage-first heap   total 130048K, used 75911K [0x0000000080000000, 0x0000000100000000)
  region size 1024K, 5 young (5120K), 5 survivors (5120K)
 Metaspace       used 65338K, committed 65984K, reserved 1114112K
  class space    used 9150K, committed 9472K, reserved 1048576K
}
Event: 15.988 GC heap before
{Heap before GC invocations=44 (full 0):
 garbage-first heap   total 130048K, used 105607K [0x0000000080000000, 0x0000000100000000)
  region size 1024K, 34 young (34816K), 5 survivors (5120K)
 Metaspace       used 68358K, committed 68928K, reserved 1114112K
  class space    used 9440K, committed 9728K, reserved 1048576K
}
Event: 15.992 GC heap after
{Heap after GC invocations=45 (full 0):
 garbage-first heap   total 130048K, used 76906K [0x0000000080000000, 0x0000000100000000)
  region size 1024K, 4 young (4096K), 4 survivors (4096K)
 Metaspace       used 68358K, committed 68928K, reserved 1114112K
  class space    used 9440K, committed 9728K, reserved 1048576K
}
Event: 16.299 GC heap before
{Heap before GC invocations=46 (full 0):
 garbage-first heap   total 135168K, used 93290K [0x0000000080000000, 0x0000000100000000)
  region size 1024K, 21 young (21504K), 4 survivors (4096K)
 Metaspace       used 70612K, committed 71296K, reserved 1114112K
  class space    used 9710K, committed 9984K, reserved 1048576K
}
Event: 16.301 GC heap after
{Heap after GC invocations=47 (full 0):
 garbage-first heap   total 135168K, used 78393K [0x0000000080000000, 0x0000000100000000)
  region size 1024K, 3 young (3072K), 3 survivors (3072K)
 Metaspace       used 70612K, committed 71296K, reserved 1114112K
  class space    used 9710K, committed 9984K, reserved 1048576K
}
Event: 16.648 GC heap before
{Heap before GC invocations=48 (full 0):
 garbage-first heap   total 163840K, used 116281K [0x0000000080000000, 0x0000000100000000)
  region size 1024K, 34 young (34816K), 3 survivors (3072K)
 Metaspace       used 72149K, committed 72832K, reserved 1114112K
  class space    used 9916K, committed 10240K, reserved 1048576K
}
Event: 16.651 GC heap after
{Heap after GC invocations=49 (full 0):
 garbage-first heap   total 163840K, used 81396K [0x0000000080000000, 0x0000000100000000)
  region size 1024K, 5 young (5120K), 5 survivors (5120K)
 Metaspace       used 72149K, committed 72832K, reserved 1114112K
  class space    used 9916K, committed 10240K, reserved 1048576K
}
Event: 17.147 GC heap before
{Heap before GC invocations=49 (full 0):
 garbage-first heap   total 163840K, used 125428K [0x0000000080000000, 0x0000000100000000)
  region size 1024K, 48 young (49152K), 5 survivors (5120K)
 Metaspace       used 74886K, committed 75584K, reserved 1114112K
  class space    used 10288K, committed 10624K, reserved 1048576K
}
Event: 17.152 GC heap after
{Heap after GC invocations=50 (full 0):
 garbage-first heap   total 163840K, used 84908K [0x0000000080000000, 0x0000000100000000)
  region size 1024K, 4 young (4096K), 4 survivors (4096K)
 Metaspace       used 74886K, committed 75584K, reserved 1114112K
  class space    used 10288K, committed 10624K, reserved 1048576K
}
Event: 17.536 GC heap before
{Heap before GC invocations=51 (full 0):
 garbage-first heap   total 163840K, used 127916K [0x0000000080000000, 0x0000000100000000)
  region size 1024K, 46 young (47104K), 4 survivors (4096K)
 Metaspace       used 75759K, committed 76416K, reserved 1179648K
  class space    used 10394K, committed 10688K, reserved 1048576K
}
Event: 17.540 GC heap after
{Heap after GC invocations=52 (full 0):
 garbage-first heap   total 163840K, used 88060K [0x0000000080000000, 0x0000000100000000)
  region size 1024K, 6 young (6144K), 6 survivors (6144K)
 Metaspace       used 75759K, committed 76416K, reserved 1179648K
  class space    used 10394K, committed 10688K, reserved 1048576K
}
Event: 17.802 GC heap before
{Heap before GC invocations=52 (full 0):
 garbage-first heap   total 163840K, used 114684K [0x0000000080000000, 0x0000000100000000)
  region size 1024K, 33 young (33792K), 6 survivors (6144K)
 Metaspace       used 77813K, committed 78400K, reserved 1179648K
  class space    used 10673K, committed 10944K, reserved 1048576K
}
Event: 17.807 GC heap after
{Heap after GC invocations=53 (full 0):
 garbage-first heap   total 163840K, used 89927K [0x0000000080000000, 0x0000000100000000)
  region size 1024K, 2 young (2048K), 2 survivors (2048K)
 Metaspace       used 77813K, committed 78400K, reserved 1179648K
  class space    used 10673K, committed 10944K, reserved 1048576K
}

